0 info it worked if it ends with ok
1 verbose cli [ 'C:\\Program Files\\nodejs\\\\node.exe',
1 verbose cli   'C:\\Program Files\\nodejs\\node_modules\\npm\\bin\\npm-cli.js',
1 verbose cli   'publish' ]
2 info using npm@1.4.28
3 info using node@v0.10.32
4 verbose node symlink C:\Program Files\nodejs\\node.exe
5 verbose publish [ '.' ]
6 verbose cache add [ '.', null ]
7 verbose cache add name=undefined spec="." args=[".",null]
8 verbose parsed url { protocol: null,
8 verbose parsed url   slashes: null,
8 verbose parsed url   auth: null,
8 verbose parsed url   host: null,
8 verbose parsed url   port: null,
8 verbose parsed url   hostname: null,
8 verbose parsed url   hash: null,
8 verbose parsed url   search: null,
8 verbose parsed url   query: null,
8 verbose parsed url   pathname: '.',
8 verbose parsed url   path: '.',
8 verbose parsed url   href: '.' }
9 silly lockFile 3a52ce78- .
10 verbose lock . C:\Users\marti_000\AppData\Roaming\npm-cache\3a52ce78-.lock
11 verbose tar pack [ 'C:\\Users\\marti_000\\AppData\\Roaming\\npm-cache\\encryption\\0.0.1\\package.tgz',
11 verbose tar pack   '.' ]
12 verbose tarball C:\Users\marti_000\AppData\Roaming\npm-cache\encryption\0.0.1\package.tgz
13 verbose folder .
14 info prepublish encryption@0.0.1
15 silly lockFile 1f1177db-tar tar://.
16 verbose lock tar://. C:\Users\marti_000\AppData\Roaming\npm-cache\1f1177db-tar.lock
17 silly lockFile adc07ed6-che-encryption-0-0-1-package-tgz tar://C:\Users\marti_000\AppData\Roaming\npm-cache\encryption\0.0.1\package.tgz
18 verbose lock tar://C:\Users\marti_000\AppData\Roaming\npm-cache\encryption\0.0.1\package.tgz C:\Users\marti_000\AppData\Roaming\npm-cache\adc07ed6-che-encryption-0-0-1-package-tgz.lock
19 silly lockFile 1f1177db-tar tar://.
20 silly lockFile 1f1177db-tar tar://.
21 silly lockFile adc07ed6-che-encryption-0-0-1-package-tgz tar://C:\Users\marti_000\AppData\Roaming\npm-cache\encryption\0.0.1\package.tgz
22 silly lockFile adc07ed6-che-encryption-0-0-1-package-tgz tar://C:\Users\marti_000\AppData\Roaming\npm-cache\encryption\0.0.1\package.tgz
23 silly lockFile de290064-m-cache-encryption-0-0-1-package C:\Users\marti_000\AppData\Roaming\npm-cache\encryption\0.0.1\package
24 verbose lock C:\Users\marti_000\AppData\Roaming\npm-cache\encryption\0.0.1\package C:\Users\marti_000\AppData\Roaming\npm-cache\de290064-m-cache-encryption-0-0-1-package.lock
25 silly lockFile de290064-m-cache-encryption-0-0-1-package C:\Users\marti_000\AppData\Roaming\npm-cache\encryption\0.0.1\package
26 silly lockFile de290064-m-cache-encryption-0-0-1-package C:\Users\marti_000\AppData\Roaming\npm-cache\encryption\0.0.1\package
27 silly lockFile 3a52ce78- .
28 silly lockFile 3a52ce78- .
29 silly publish { name: 'encryption',
29 silly publish   description: 'Module to easily encrypt mongoose datamodel fields',
29 silly publish   version: '0.0.1',
29 silly publish   dependencies: { bcrypt: '*' },
29 silly publish   readme: '# node-encryption\r\nModule to easily encrypt mongoose datamodel fields\r\n',
29 silly publish   readmeFilename: 'README.md',
29 silly publish   gitHead: 'bbf31651e3302dc6ab63bbf9f1417a0294c52b19',
29 silly publish   _id: 'encryption@0.0.1',
29 silly publish   scripts: {},
29 silly publish   _shasum: '6cc8e97d11e5013d33e1d0a9c0bf131ff0ae1de3',
29 silly publish   _from: '.' }
30 error need auth auth and email required for publishing
30 error need auth You need to authorize this machine using `npm adduser`
31 error System Windows_NT 6.2.9200
32 error command "C:\\Program Files\\nodejs\\\\node.exe" "C:\\Program Files\\nodejs\\node_modules\\npm\\bin\\npm-cli.js" "publish"
33 error cwd C:\Users\marti_000\Documents\GitHub\node-encryption
34 error node -v v0.10.32
35 error npm -v 1.4.28
36 error code ENEEDAUTH
37 verbose exit [ 1, true ]
